{"level":"info","message":"⌛ Building environment","timeElapsed":141,"timestamp":"2024-11-27T14:38:04.649Z"}
{"level":"info","message":"⌛ Validating src/nivel2.wlk","timeElapsed":150,"timestamp":"2024-11-27T14:38:04.951Z"}
{"level":"info","message":"⌛ Building environment","timeElapsed":146,"timestamp":"2024-11-27T14:38:04.952Z"}
{"level":"info","message":"⌛ Validating src/nivel2.wlk","timeElapsed":180,"timestamp":"2024-11-27T14:38:05.173Z"}
{"level":"info","message":"⌛ Building environment","timeElapsed":141,"timestamp":"2024-11-27T14:38:05.315Z"}
{"level":"info","message":"⌛ Validating src/nivel2.wlk","timeElapsed":155,"timestamp":"2024-11-27T14:38:05.477Z"}
{"level":"info","message":"⌛ Building environment","timeElapsed":134,"timestamp":"2024-11-27T14:38:05.612Z"}
{"level":"info","message":"⌛ Validating src/nivel2.wlk","timeElapsed":181,"timestamp":"2024-11-27T14:38:05.795Z"}
{"level":"info","message":"⌛ Building environment","timeElapsed":161,"timestamp":"2024-11-27T14:38:05.958Z"}
{"level":"info","message":"⌛ Building environment","timeElapsed":140,"timestamp":"2024-11-27T14:38:06.098Z"}
{"level":"info","message":"⌛ Building environment","timeElapsed":133,"timestamp":"2024-11-27T14:38:06.259Z"}
{"level":"info","message":"⌛ Validating src/nivel2.wlk","timeElapsed":142,"timestamp":"2024-11-27T14:38:06.402Z"}
{"level":"info","message":"⌛ Validating src/nivel2.wlk","timeElapsed":138,"timestamp":"2024-11-27T14:38:06.548Z"}
{"level":"info","message":"⌛ Building environment","timeElapsed":144,"timestamp":"2024-11-27T14:38:06.694Z"}
{"level":"info","message":"⌛ Validating src/nivel2.wlk","timeElapsed":144,"timestamp":"2024-11-27T14:38:06.840Z"}
{"level":"info","message":"⌛ Validating src/nivel2.wlk","timeElapsed":146,"timestamp":"2024-11-27T14:38:06.986Z"}
{"level":"info","message":"⌛ Validating src/nivel2.wlk","timeElapsed":142,"timestamp":"2024-11-27T14:38:07.129Z"}
{"level":"info","message":"⌛ Validating src/nivel2.wlk","timeElapsed":155,"timestamp":"2024-11-27T14:38:07.291Z"}
{"level":"info","message":"⌛ Building environment","timeElapsed":130,"timestamp":"2024-11-27T14:38:07.423Z"}
{"level":"info","message":"⌛ Validating src/nivel2.wlk","timeElapsed":140,"timestamp":"2024-11-27T14:38:07.565Z"}
{"level":"info","message":"⌛ Building environment","timeElapsed":157,"timestamp":"2024-11-27T14:38:08.138Z"}
{"level":"info","message":"⌛ Validating src/nivel2.wlk","timeElapsed":179,"timestamp":"2024-11-27T14:38:08.319Z"}
{"level":"info","message":"⌛ Building environment","timeElapsed":145,"timestamp":"2024-11-27T14:38:08.466Z"}
{"level":"info","message":"⌛ Validating src/nivel2.wlk","timeElapsed":178,"timestamp":"2024-11-27T14:38:08.645Z"}
{"level":"info","message":"⌛ Building environment","timeElapsed":150,"timestamp":"2024-11-27T14:38:08.796Z"}
{"level":"info","message":"⌛ Validating src/nivel2.wlk","timeElapsed":173,"timestamp":"2024-11-27T14:38:08.977Z"}
{"level":"info","message":"⌛ Building environment","timeElapsed":182,"timestamp":"2024-11-27T14:38:09.363Z"}
{"level":"info","message":"⌛ Validating src/nivel2.wlk","timeElapsed":167,"timestamp":"2024-11-27T14:38:09.533Z"}
{"level":"info","message":"⌛ Building environment","timeElapsed":167,"timestamp":"2024-11-27T14:38:11.176Z"}
{"level":"info","message":"⌛ Validating src/nivel2.wlk","timeElapsed":185,"timestamp":"2024-11-27T14:38:11.362Z"}
{"level":"info","message":"⌛ Building environment","timeElapsed":316,"timestamp":"2024-11-27T14:38:11.730Z"}
{"level":"info","message":"⌛ Building environment","timeElapsed":150,"timestamp":"2024-11-27T14:38:11.913Z"}
{"level":"info","message":"⌛ Building environment","timeElapsed":137,"timestamp":"2024-11-27T14:38:12.050Z"}
{"level":"info","message":"⌛ Validating src/nivel2.wlk","timeElapsed":195,"timestamp":"2024-11-27T14:38:12.245Z"}
{"level":"info","message":"onRequest - completionItem/resolve","timestamp":"2024-11-27T14:38:12.246Z"}
{"level":"info","message":"⌛ Building environment","timeElapsed":142,"timestamp":"2024-11-27T14:38:12.388Z"}
{"level":"info","message":"onRequest - completionItem/resolve","timestamp":"2024-11-27T14:38:12.390Z"}
{"level":"info","message":"⌛ Validating src/nivel2.wlk","timeElapsed":192,"timestamp":"2024-11-27T14:38:12.583Z"}
{"level":"error","message":"✘ Failed to rebuild document Failed to parse src/nivel2.wlk: \n-- PARSING FAILED --------------------------------------------------\n\n  51 |   }\n  52 |   method recibirDisparo(unaBala){}\n> 53 | }\n     | ^\n  54 | //BALAS\n  55 | \n\nExpected one of the following: \n\n'@', 'class', 'const', 'describe', 'mixin', 'object', 'only', 'package', 'program', 'test', 'var', '{', EOF, comment, not \"}\n\", whitespace\n","stack":"Error: Failed to parse src/nivel2.wlk: \n-- PARSING FAILED --------------------------------------------------\n\n  51 |   }\n  52 |   method recibirDisparo(unaBala){}\n> 53 | }\n     | ^\n  54 | //BALAS\n  55 | \n\nExpected one of the following: \n\n'@', 'class', 'const', 'describe', 'mixin', 'object', 'only', 'package', 'program', 'test', 'var', '{', EOF, comment, not \"}\n\", whitespace\n\n    at /home/objetos-1-noche/.vscode/extensions/uqbar.wollok-lsp-ide-0.3.6/out/server/src/server.js:2254:32415\n    at Array.map (<anonymous>)\n    at Jfn (/home/objetos-1-noche/.vscode/extensions/uqbar.wollok-lsp-ide-0.3.6/out/server/src/server.js:2254:32339)\n    at k2.buildEnvironmentFrom (/home/objetos-1-noche/.vscode/extensions/uqbar.wollok-lsp-ide-0.3.6/out/server/src/server.js:2285:6721)\n    at k2.updateEnvironmentWith (/home/objetos-1-noche/.vscode/extensions/uqbar.wollok-lsp-ide-0.3.6/out/server/src/server.js:2285:6456)\n    at jL (/home/objetos-1-noche/.vscode/extensions/uqbar.wollok-lsp-ide-0.3.6/out/server/src/server.js:2298:2292)\n    at v3.invoke (/home/objetos-1-noche/.vscode/extensions/uqbar.wollok-lsp-ide-0.3.6/out/server/src/server.js:3:157200)\n    at o.fire (/home/objetos-1-noche/.vscode/extensions/uqbar.wollok-lsp-ide-0.3.6/out/server/src/server.js:3:157970)\n    at /home/objetos-1-noche/.vscode/extensions/uqbar.wollok-lsp-ide-0.3.6/out/server/src/server.js:37:57871\n    at Vr (/home/objetos-1-noche/.vscode/extensions/uqbar.wollok-lsp-ide-0.3.6/out/server/src/server.js:8:1561)","timestamp":"2024-11-27T14:38:12.621Z"}
{"level":"info","message":"onRequest - completionItem/resolve","timestamp":"2024-11-27T14:38:12.621Z"}
{"level":"info","message":"⌛ Validating src/nivel2.wlk","timeElapsed":161,"timestamp":"2024-11-27T14:38:12.783Z"}
{"level":"error","message":"✘ Failed to rebuild document Failed to parse src/nivel2.wlk: \n-- PARSING FAILED --------------------------------------------------\n\n  51 |   }\n  52 |   method recibirDisparo(unaBala){}\n> 53 | }\n     | ^\n  54 | //BALAS\n  55 | \n\nExpected one of the following: \n\n'@', 'class', 'const', 'describe', 'mixin', 'object', 'only', 'package', 'program', 'test', 'var', '{', EOF, comment, not \"}\n\", whitespace\n","stack":"Error: Failed to parse src/nivel2.wlk: \n-- PARSING FAILED --------------------------------------------------\n\n  51 |   }\n  52 |   method recibirDisparo(unaBala){}\n> 53 | }\n     | ^\n  54 | //BALAS\n  55 | \n\nExpected one of the following: \n\n'@', 'class', 'const', 'describe', 'mixin', 'object', 'only', 'package', 'program', 'test', 'var', '{', EOF, comment, not \"}\n\", whitespace\n\n    at /home/objetos-1-noche/.vscode/extensions/uqbar.wollok-lsp-ide-0.3.6/out/server/src/server.js:2254:32415\n    at Array.map (<anonymous>)\n    at Jfn (/home/objetos-1-noche/.vscode/extensions/uqbar.wollok-lsp-ide-0.3.6/out/server/src/server.js:2254:32339)\n    at k2.buildEnvironmentFrom (/home/objetos-1-noche/.vscode/extensions/uqbar.wollok-lsp-ide-0.3.6/out/server/src/server.js:2285:6721)\n    at k2.updateEnvironmentWith (/home/objetos-1-noche/.vscode/extensions/uqbar.wollok-lsp-ide-0.3.6/out/server/src/server.js:2285:6456)\n    at jL (/home/objetos-1-noche/.vscode/extensions/uqbar.wollok-lsp-ide-0.3.6/out/server/src/server.js:2298:2292)\n    at v3.invoke (/home/objetos-1-noche/.vscode/extensions/uqbar.wollok-lsp-ide-0.3.6/out/server/src/server.js:3:157200)\n    at o.fire (/home/objetos-1-noche/.vscode/extensions/uqbar.wollok-lsp-ide-0.3.6/out/server/src/server.js:3:157970)\n    at /home/objetos-1-noche/.vscode/extensions/uqbar.wollok-lsp-ide-0.3.6/out/server/src/server.js:37:57871\n    at Vr (/home/objetos-1-noche/.vscode/extensions/uqbar.wollok-lsp-ide-0.3.6/out/server/src/server.js:8:1561)","timestamp":"2024-11-27T14:38:12.799Z"}
{"level":"info","message":"onRequest - completionItem/resolve","timestamp":"2024-11-27T14:38:12.800Z"}
{"level":"info","message":"⌛ Building environment","timeElapsed":156,"timestamp":"2024-11-27T14:38:12.956Z"}
{"level":"info","message":"onRequest - completionItem/resolve","timestamp":"2024-11-27T14:38:12.957Z"}
{"level":"info","message":"⌛ Validating src/nivel2.wlk","timeElapsed":151,"timestamp":"2024-11-27T14:38:13.109Z"}
{"level":"info","message":"⌛ Building environment","timeElapsed":128,"timestamp":"2024-11-27T14:38:13.238Z"}
{"level":"info","message":"onRequest - completionItem/resolve","timestamp":"2024-11-27T14:38:13.239Z"}
{"level":"info","message":"⌛ Building environment","timeElapsed":133,"timestamp":"2024-11-27T14:38:13.373Z"}
{"level":"error","message":"✘ Completions for node failed: Error: src.nivel2.bal [Variable]{b1916e} at src/nivel2.wlk:37 exhausted all cases without a match src.nivel2.bal [Variable]{b1916e} at src/nivel2.wlk:37 exhausted all cases without a match","stack":"Error: src.nivel2.bal [Variable]{b1916e} at src/nivel2.wlk:37 exhausted all cases without a match\n    at /home/objetos-1-noche/.vscode/extensions/uqbar.wollok-lsp-ide-0.3.6/out/server/src/server.js:38:6067\n    at yh (/home/objetos-1-noche/.vscode/extensions/uqbar.wollok-lsp-ide-0.3.6/out/server/src/server.js:2291:42)\n    at /home/objetos-1-noche/.vscode/extensions/uqbar.wollok-lsp-ide-0.3.6/out/server/src/server.js:2291:2700\n    at /home/objetos-1-noche/.vscode/extensions/uqbar.wollok-lsp-ide-0.3.6/out/server/src/server.js:2298:3774\n    at /home/objetos-1-noche/.vscode/extensions/uqbar.wollok-lsp-ide-0.3.6/out/server/src/server.js:37:74872\n    at Fe (/home/objetos-1-noche/.vscode/extensions/uqbar.wollok-lsp-ide-0.3.6/out/server/src/server.js:7:8527)\n    at Pt (/home/objetos-1-noche/.vscode/extensions/uqbar.wollok-lsp-ide-0.3.6/out/server/src/server.js:7:6189)\n    at Gi (/home/objetos-1-noche/.vscode/extensions/uqbar.wollok-lsp-ide-0.3.6/out/server/src/server.js:7:6378)\n    at Immediate._onImmediate (/home/objetos-1-noche/.vscode/extensions/uqbar.wollok-lsp-ide-0.3.6/out/server/src/server.js:7:6142)\n    at process.processImmediate (node:internal/timers:478:21)","timestamp":"2024-11-27T14:38:13.405Z"}
{"level":"info","message":"⌛ Building environment","timeElapsed":153,"timestamp":"2024-11-27T14:38:13.558Z"}
{"level":"info","message":"⌛ Validating src/nivel2.wlk","timeElapsed":158,"timestamp":"2024-11-27T14:38:13.721Z"}
{"level":"info","message":"⌛ Validating src/nivel2.wlk","timeElapsed":156,"timestamp":"2024-11-27T14:38:13.878Z"}
{"level":"info","message":"⌛ Building environment","timeElapsed":132,"timestamp":"2024-11-27T14:38:14.011Z"}
{"level":"info","message":"⌛ Validating src/nivel2.wlk","timeElapsed":149,"timestamp":"2024-11-27T14:38:14.162Z"}
{"level":"info","message":"⌛ Validating src/nivel2.wlk","timeElapsed":157,"timestamp":"2024-11-27T14:38:14.319Z"}
{"level":"info","message":"⌛ Validating src/nivel2.wlk","timeElapsed":166,"timestamp":"2024-11-27T14:38:14.496Z"}
{"level":"info","message":"⌛ Building environment","timeElapsed":139,"timestamp":"2024-11-27T14:38:14.636Z"}
{"level":"info","message":"⌛ Validating src/nivel2.wlk","timeElapsed":170,"timestamp":"2024-11-27T14:38:14.811Z"}
{"level":"error","message":"✘ Failed to rebuild document Failed to parse src/nivel2.wlk: \n-- PARSING FAILED --------------------------------------------------\n\n  51 |   }\n  52 |   method recibirDisparo(unaBala){}\n> 53 | }\n     | ^\n  54 | //BALAS\n  55 | \n\nExpected one of the following: \n\n'@', 'class', 'const', 'describe', 'mixin', 'object', 'only', 'package', 'program', 'test', 'var', '{', EOF, comment, not \"}\n\", whitespace\n","stack":"Error: Failed to parse src/nivel2.wlk: \n-- PARSING FAILED --------------------------------------------------\n\n  51 |   }\n  52 |   method recibirDisparo(unaBala){}\n> 53 | }\n     | ^\n  54 | //BALAS\n  55 | \n\nExpected one of the following: \n\n'@', 'class', 'const', 'describe', 'mixin', 'object', 'only', 'package', 'program', 'test', 'var', '{', EOF, comment, not \"}\n\", whitespace\n\n    at /home/objetos-1-noche/.vscode/extensions/uqbar.wollok-lsp-ide-0.3.6/out/server/src/server.js:2254:32415\n    at Array.map (<anonymous>)\n    at Jfn (/home/objetos-1-noche/.vscode/extensions/uqbar.wollok-lsp-ide-0.3.6/out/server/src/server.js:2254:32339)\n    at k2.buildEnvironmentFrom (/home/objetos-1-noche/.vscode/extensions/uqbar.wollok-lsp-ide-0.3.6/out/server/src/server.js:2285:6721)\n    at k2.updateEnvironmentWith (/home/objetos-1-noche/.vscode/extensions/uqbar.wollok-lsp-ide-0.3.6/out/server/src/server.js:2285:6456)\n    at jL (/home/objetos-1-noche/.vscode/extensions/uqbar.wollok-lsp-ide-0.3.6/out/server/src/server.js:2298:2292)\n    at v3.invoke (/home/objetos-1-noche/.vscode/extensions/uqbar.wollok-lsp-ide-0.3.6/out/server/src/server.js:3:157200)\n    at o.fire (/home/objetos-1-noche/.vscode/extensions/uqbar.wollok-lsp-ide-0.3.6/out/server/src/server.js:3:157970)\n    at /home/objetos-1-noche/.vscode/extensions/uqbar.wollok-lsp-ide-0.3.6/out/server/src/server.js:37:57871\n    at Vr (/home/objetos-1-noche/.vscode/extensions/uqbar.wollok-lsp-ide-0.3.6/out/server/src/server.js:8:1561)","timestamp":"2024-11-27T14:38:14.831Z"}
{"level":"error","message":"✘ Failed to rebuild document Failed to parse src/nivel2.wlk: \n-- PARSING FAILED --------------------------------------------------\n\n  51 |   }\n  52 |   method recibirDisparo(unaBala){}\n> 53 | }\n     | ^\n  54 | //BALAS\n  55 | \n\nExpected one of the following: \n\n'@', 'class', 'const', 'describe', 'mixin', 'object', 'only', 'package', 'program', 'test', 'var', '{', EOF, comment, not \"}\n\", whitespace\n","stack":"Error: Failed to parse src/nivel2.wlk: \n-- PARSING FAILED --------------------------------------------------\n\n  51 |   }\n  52 |   method recibirDisparo(unaBala){}\n> 53 | }\n     | ^\n  54 | //BALAS\n  55 | \n\nExpected one of the following: \n\n'@', 'class', 'const', 'describe', 'mixin', 'object', 'only', 'package', 'program', 'test', 'var', '{', EOF, comment, not \"}\n\", whitespace\n\n    at /home/objetos-1-noche/.vscode/extensions/uqbar.wollok-lsp-ide-0.3.6/out/server/src/server.js:2254:32415\n    at Array.map (<anonymous>)\n    at Jfn (/home/objetos-1-noche/.vscode/extensions/uqbar.wollok-lsp-ide-0.3.6/out/server/src/server.js:2254:32339)\n    at k2.buildEnvironmentFrom (/home/objetos-1-noche/.vscode/extensions/uqbar.wollok-lsp-ide-0.3.6/out/server/src/server.js:2285:6721)\n    at k2.updateEnvironmentWith (/home/objetos-1-noche/.vscode/extensions/uqbar.wollok-lsp-ide-0.3.6/out/server/src/server.js:2285:6456)\n    at jL (/home/objetos-1-noche/.vscode/extensions/uqbar.wollok-lsp-ide-0.3.6/out/server/src/server.js:2298:2292)\n    at v3.invoke (/home/objetos-1-noche/.vscode/extensions/uqbar.wollok-lsp-ide-0.3.6/out/server/src/server.js:3:157200)\n    at o.fire (/home/objetos-1-noche/.vscode/extensions/uqbar.wollok-lsp-ide-0.3.6/out/server/src/server.js:3:157970)\n    at /home/objetos-1-noche/.vscode/extensions/uqbar.wollok-lsp-ide-0.3.6/out/server/src/server.js:37:57871\n    at Vr (/home/objetos-1-noche/.vscode/extensions/uqbar.wollok-lsp-ide-0.3.6/out/server/src/server.js:8:1561)","timestamp":"2024-11-27T14:38:14.903Z"}
{"level":"info","message":"⌛ Building environment","timeElapsed":132,"timestamp":"2024-11-27T14:38:15.258Z"}
{"level":"error","message":"✘ Completions for node failed: Error: src.nivel2.bala3 [Variable]{ed7668} at src/nivel2.wlk:37 exhausted all cases without a match src.nivel2.bala3 [Variable]{ed7668} at src/nivel2.wlk:37 exhausted all cases without a match","stack":"Error: src.nivel2.bala3 [Variable]{ed7668} at src/nivel2.wlk:37 exhausted all cases without a match\n    at /home/objetos-1-noche/.vscode/extensions/uqbar.wollok-lsp-ide-0.3.6/out/server/src/server.js:38:6067\n    at yh (/home/objetos-1-noche/.vscode/extensions/uqbar.wollok-lsp-ide-0.3.6/out/server/src/server.js:2291:42)\n    at kh (/home/objetos-1-noche/.vscode/extensions/uqbar.wollok-lsp-ide-0.3.6/out/server/src/server.js:2291:1004)\n    at Y5n (/home/objetos-1-noche/.vscode/extensions/uqbar.wollok-lsp-ide-0.3.6/out/server/src/server.js:2291:1160)\n    at /home/objetos-1-noche/.vscode/extensions/uqbar.wollok-lsp-ide-0.3.6/out/server/src/server.js:38:6056\n    at yh (/home/objetos-1-noche/.vscode/extensions/uqbar.wollok-lsp-ide-0.3.6/out/server/src/server.js:2291:42)\n    at /home/objetos-1-noche/.vscode/extensions/uqbar.wollok-lsp-ide-0.3.6/out/server/src/server.js:2291:2700\n    at /home/objetos-1-noche/.vscode/extensions/uqbar.wollok-lsp-ide-0.3.6/out/server/src/server.js:2298:3774\n    at /home/objetos-1-noche/.vscode/extensions/uqbar.wollok-lsp-ide-0.3.6/out/server/src/server.js:37:74872\n    at Fe (/home/objetos-1-noche/.vscode/extensions/uqbar.wollok-lsp-ide-0.3.6/out/server/src/server.js:7:8527)","timestamp":"2024-11-27T14:38:15.292Z"}
{"level":"info","message":"⌛ Validating src/nivel2.wlk","timeElapsed":159,"timestamp":"2024-11-27T14:38:15.452Z"}
{"level":"info","message":"onRequest - completionItem/resolve","timestamp":"2024-11-27T14:38:15.453Z"}
{"level":"info","message":"⌛ Building environment","timeElapsed":150,"timestamp":"2024-11-27T14:38:15.603Z"}
{"level":"info","message":"onRequest - completionItem/resolve","timestamp":"2024-11-27T14:38:15.607Z"}
{"level":"info","message":"⌛ Validating src/nivel2.wlk","timeElapsed":150,"timestamp":"2024-11-27T14:38:15.758Z"}
{"level":"info","message":"⌛ Building environment","timeElapsed":159,"timestamp":"2024-11-27T14:38:22.246Z"}
{"level":"info","message":"⌛ Validating src/nivel2.wlk","timeElapsed":172,"timestamp":"2024-11-27T14:38:22.453Z"}
{"level":"info","message":"⌛ Building environment","timeElapsed":173,"timestamp":"2024-11-27T14:38:23.859Z"}
{"level":"info","message":"⌛ Building environment","timeElapsed":200,"timestamp":"2024-11-27T14:38:24.062Z"}
{"level":"info","message":"⌛ Validating src/nivel2.wlk","timeElapsed":196,"timestamp":"2024-11-27T14:38:24.262Z"}
{"level":"info","message":"⌛ Validating src/nivel2.wlk","timeElapsed":147,"timestamp":"2024-11-27T14:38:24.417Z"}
{"level":"info","message":"⌛ Building environment","timeElapsed":157,"timestamp":"2024-11-27T14:38:26.008Z"}
{"level":"info","message":"⌛ Validating src/nivel2.wlk","timeElapsed":164,"timestamp":"2024-11-27T14:38:26.175Z"}
{"level":"info","message":"⌛ Building environment","timeElapsed":158,"timestamp":"2024-11-27T14:38:33.148Z"}
{"level":"info","message":"⌛ Validating src/nivel2.wlk","timeElapsed":172,"timestamp":"2024-11-27T14:38:33.353Z"}
{"level":"info","message":"⌛ Building environment","timeElapsed":157,"timestamp":"2024-11-27T14:38:33.512Z"}
{"level":"info","message":"onRequest - completionItem/resolve","timestamp":"2024-11-27T14:38:33.515Z"}
{"level":"info","message":"⌛ Building environment","timeElapsed":124,"timestamp":"2024-11-27T14:38:33.639Z"}
{"level":"info","message":"onRequest - completionItem/resolve","timestamp":"2024-11-27T14:38:33.643Z"}
{"level":"info","message":"⌛ Building environment","timeElapsed":127,"timestamp":"2024-11-27T14:38:33.770Z"}
{"level":"info","message":"onRequest - completionItem/resolve","timestamp":"2024-11-27T14:38:33.775Z"}
{"level":"error","message":"✘ Failed to rebuild document Failed to parse src/nivel2.wlk: \n-- PARSING FAILED --------------------------------------------------\n\n  52 |   }\n  53 |   method recibirDisparo(unaBala){}\n> 54 | }\n     | ^\n  55 | //BALAS\n  56 | \n\nExpected one of the following: \n\n'@', 'class', 'const', 'describe', 'mixin', 'object', 'only', 'package', 'program', 'test', 'var', '{', EOF, comment, not \"}\n\", whitespace\n","stack":"Error: Failed to parse src/nivel2.wlk: \n-- PARSING FAILED --------------------------------------------------\n\n  52 |   }\n  53 |   method recibirDisparo(unaBala){}\n> 54 | }\n     | ^\n  55 | //BALAS\n  56 | \n\nExpected one of the following: \n\n'@', 'class', 'const', 'describe', 'mixin', 'object', 'only', 'package', 'program', 'test', 'var', '{', EOF, comment, not \"}\n\", whitespace\n\n    at /home/objetos-1-noche/.vscode/extensions/uqbar.wollok-lsp-ide-0.3.6/out/server/src/server.js:2254:32415\n    at Array.map (<anonymous>)\n    at Jfn (/home/objetos-1-noche/.vscode/extensions/uqbar.wollok-lsp-ide-0.3.6/out/server/src/server.js:2254:32339)\n    at k2.buildEnvironmentFrom (/home/objetos-1-noche/.vscode/extensions/uqbar.wollok-lsp-ide-0.3.6/out/server/src/server.js:2285:6721)\n    at k2.updateEnvironmentWith (/home/objetos-1-noche/.vscode/extensions/uqbar.wollok-lsp-ide-0.3.6/out/server/src/server.js:2285:6456)\n    at jL (/home/objetos-1-noche/.vscode/extensions/uqbar.wollok-lsp-ide-0.3.6/out/server/src/server.js:2298:2292)\n    at v3.invoke (/home/objetos-1-noche/.vscode/extensions/uqbar.wollok-lsp-ide-0.3.6/out/server/src/server.js:3:157200)\n    at o.fire (/home/objetos-1-noche/.vscode/extensions/uqbar.wollok-lsp-ide-0.3.6/out/server/src/server.js:3:157970)\n    at /home/objetos-1-noche/.vscode/extensions/uqbar.wollok-lsp-ide-0.3.6/out/server/src/server.js:37:57871\n    at Vr (/home/objetos-1-noche/.vscode/extensions/uqbar.wollok-lsp-ide-0.3.6/out/server/src/server.js:8:1561)","timestamp":"2024-11-27T14:38:33.792Z"}
{"level":"info","message":"onRequest - completionItem/resolve","timestamp":"2024-11-27T14:38:33.792Z"}
{"level":"info","message":"⌛ Validating src/nivel2.wlk","timeElapsed":159,"timestamp":"2024-11-27T14:38:33.951Z"}
{"level":"error","message":"✘ Failed to rebuild document Failed to parse src/nivel2.wlk: \n-- PARSING FAILED --------------------------------------------------\n\n  52 |   }\n  53 |   method recibirDisparo(unaBala){}\n> 54 | }\n     | ^\n  55 | //BALAS\n  56 | \n\nExpected one of the following: \n\n'@', 'class', 'const', 'describe', 'mixin', 'object', 'only', 'package', 'program', 'test', 'var', '{', EOF, comment, not \"}\n\", whitespace\n","stack":"Error: Failed to parse src/nivel2.wlk: \n-- PARSING FAILED --------------------------------------------------\n\n  52 |   }\n  53 |   method recibirDisparo(unaBala){}\n> 54 | }\n     | ^\n  55 | //BALAS\n  56 | \n\nExpected one of the following: \n\n'@', 'class', 'const', 'describe', 'mixin', 'object', 'only', 'package', 'program', 'test', 'var', '{', EOF, comment, not \"}\n\", whitespace\n\n    at /home/objetos-1-noche/.vscode/extensions/uqbar.wollok-lsp-ide-0.3.6/out/server/src/server.js:2254:32415\n    at Array.map (<anonymous>)\n    at Jfn (/home/objetos-1-noche/.vscode/extensions/uqbar.wollok-lsp-ide-0.3.6/out/server/src/server.js:2254:32339)\n    at k2.buildEnvironmentFrom (/home/objetos-1-noche/.vscode/extensions/uqbar.wollok-lsp-ide-0.3.6/out/server/src/server.js:2285:6721)\n    at k2.updateEnvironmentWith (/home/objetos-1-noche/.vscode/extensions/uqbar.wollok-lsp-ide-0.3.6/out/server/src/server.js:2285:6456)\n    at jL (/home/objetos-1-noche/.vscode/extensions/uqbar.wollok-lsp-ide-0.3.6/out/server/src/server.js:2298:2292)\n    at v3.invoke (/home/objetos-1-noche/.vscode/extensions/uqbar.wollok-lsp-ide-0.3.6/out/server/src/server.js:3:157200)\n    at o.fire (/home/objetos-1-noche/.vscode/extensions/uqbar.wollok-lsp-ide-0.3.6/out/server/src/server.js:3:157970)\n    at /home/objetos-1-noche/.vscode/extensions/uqbar.wollok-lsp-ide-0.3.6/out/server/src/server.js:37:57871\n    at Vr (/home/objetos-1-noche/.vscode/extensions/uqbar.wollok-lsp-ide-0.3.6/out/server/src/server.js:8:1561)","timestamp":"2024-11-27T14:38:33.975Z"}
{"level":"info","message":"⌛ Validating src/nivel2.wlk","timeElapsed":170,"timestamp":"2024-11-27T14:38:34.146Z"}
{"level":"info","message":"onRequest - completionItem/resolve","timestamp":"2024-11-27T14:38:34.147Z"}
{"level":"info","message":"⌛ Validating src/nivel2.wlk","timeElapsed":175,"timestamp":"2024-11-27T14:38:34.322Z"}
{"level":"info","message":"⌛ Building environment","timeElapsed":137,"timestamp":"2024-11-27T14:38:34.465Z"}
{"level":"info","message":"onRequest - completionItem/resolve","timestamp":"2024-11-27T14:38:34.465Z"}
{"level":"info","message":"⌛ Building environment","timeElapsed":174,"timestamp":"2024-11-27T14:38:34.646Z"}
{"level":"info","message":"onRequest - completionItem/resolve","timestamp":"2024-11-27T14:38:34.646Z"}
{"level":"info","message":"⌛ Building environment","timeElapsed":132,"timestamp":"2024-11-27T14:38:34.778Z"}
{"level":"error","message":"✘ Completions for node failed: Error: src.nivel2.bal [Variable]{5b7e47} at src/nivel2.wlk:38 exhausted all cases without a match src.nivel2.bal [Variable]{5b7e47} at src/nivel2.wlk:38 exhausted all cases without a match","stack":"Error: src.nivel2.bal [Variable]{5b7e47} at src/nivel2.wlk:38 exhausted all cases without a match\n    at /home/objetos-1-noche/.vscode/extensions/uqbar.wollok-lsp-ide-0.3.6/out/server/src/server.js:38:6067\n    at yh (/home/objetos-1-noche/.vscode/extensions/uqbar.wollok-lsp-ide-0.3.6/out/server/src/server.js:2291:42)\n    at /home/objetos-1-noche/.vscode/extensions/uqbar.wollok-lsp-ide-0.3.6/out/server/src/server.js:2291:2700\n    at /home/objetos-1-noche/.vscode/extensions/uqbar.wollok-lsp-ide-0.3.6/out/server/src/server.js:2298:3774\n    at /home/objetos-1-noche/.vscode/extensions/uqbar.wollok-lsp-ide-0.3.6/out/server/src/server.js:37:74872\n    at Fe (/home/objetos-1-noche/.vscode/extensions/uqbar.wollok-lsp-ide-0.3.6/out/server/src/server.js:7:8527)\n    at Pt (/home/objetos-1-noche/.vscode/extensions/uqbar.wollok-lsp-ide-0.3.6/out/server/src/server.js:7:6189)\n    at Gi (/home/objetos-1-noche/.vscode/extensions/uqbar.wollok-lsp-ide-0.3.6/out/server/src/server.js:7:6378)\n    at Immediate._onImmediate (/home/objetos-1-noche/.vscode/extensions/uqbar.wollok-lsp-ide-0.3.6/out/server/src/server.js:7:6142)\n    at process.processImmediate (node:internal/timers:478:21)","timestamp":"2024-11-27T14:38:34.805Z"}
{"level":"info","message":"⌛ Validating src/nivel2.wlk","timeElapsed":143,"timestamp":"2024-11-27T14:38:34.949Z"}
{"level":"info","message":"⌛ Building environment","timeElapsed":176,"timestamp":"2024-11-27T14:38:35.126Z"}
{"level":"info","message":"⌛ Validating src/nivel2.wlk","timeElapsed":149,"timestamp":"2024-11-27T14:38:35.275Z"}
{"level":"info","message":"⌛ Validating src/nivel2.wlk","timeElapsed":143,"timestamp":"2024-11-27T14:38:35.423Z"}
{"level":"info","message":"⌛ Validating src/nivel2.wlk","timeElapsed":181,"timestamp":"2024-11-27T14:38:35.606Z"}
{"level":"info","message":"⌛ Building environment","timeElapsed":156,"timestamp":"2024-11-27T14:38:36.066Z"}
{"level":"error","message":"✘ Completions for node failed: Error: src.nivel2.bala4 [Variable]{52e1e0} at src/nivel2.wlk:38 exhausted all cases without a match src.nivel2.bala4 [Variable]{52e1e0} at src/nivel2.wlk:38 exhausted all cases without a match","stack":"Error: src.nivel2.bala4 [Variable]{52e1e0} at src/nivel2.wlk:38 exhausted all cases without a match\n    at /home/objetos-1-noche/.vscode/extensions/uqbar.wollok-lsp-ide-0.3.6/out/server/src/server.js:38:6067\n    at yh (/home/objetos-1-noche/.vscode/extensions/uqbar.wollok-lsp-ide-0.3.6/out/server/src/server.js:2291:42)\n    at /home/objetos-1-noche/.vscode/extensions/uqbar.wollok-lsp-ide-0.3.6/out/server/src/server.js:2291:2700\n    at /home/objetos-1-noche/.vscode/extensions/uqbar.wollok-lsp-ide-0.3.6/out/server/src/server.js:2298:3774\n    at /home/objetos-1-noche/.vscode/extensions/uqbar.wollok-lsp-ide-0.3.6/out/server/src/server.js:37:74872\n    at Fe (/home/objetos-1-noche/.vscode/extensions/uqbar.wollok-lsp-ide-0.3.6/out/server/src/server.js:7:8527)\n    at Pt (/home/objetos-1-noche/.vscode/extensions/uqbar.wollok-lsp-ide-0.3.6/out/server/src/server.js:7:6189)\n    at Gi (/home/objetos-1-noche/.vscode/extensions/uqbar.wollok-lsp-ide-0.3.6/out/server/src/server.js:7:6378)\n    at Immediate._onImmediate (/home/objetos-1-noche/.vscode/extensions/uqbar.wollok-lsp-ide-0.3.6/out/server/src/server.js:7:6142)\n    at process.processImmediate (node:internal/timers:478:21)","timestamp":"2024-11-27T14:38:36.096Z"}
{"level":"info","message":"⌛ Validating src/nivel2.wlk","timeElapsed":150,"timestamp":"2024-11-27T14:38:36.248Z"}
{"level":"info","message":"⌛ Building environment","timeElapsed":142,"timestamp":"2024-11-27T14:38:36.503Z"}
{"level":"info","message":"⌛ Validating src/nivel2.wlk","timeElapsed":145,"timestamp":"2024-11-27T14:38:36.650Z"}
{"level":"error","message":"✘ Failed to rebuild document Failed to parse src/nivel2.wlk: \n-- PARSING FAILED --------------------------------------------------\n\n  52 |   }\n  53 |   method recibirDisparo(unaBala){}\n> 54 | }\n     | ^\n  55 | //BALAS\n  56 | \n\nExpected one of the following: \n\n'@', 'class', 'const', 'describe', 'mixin', 'object', 'only', 'package', 'program', 'test', 'var', '{', EOF, comment, not \"}\n\", whitespace\n","stack":"Error: Failed to parse src/nivel2.wlk: \n-- PARSING FAILED --------------------------------------------------\n\n  52 |   }\n  53 |   method recibirDisparo(unaBala){}\n> 54 | }\n     | ^\n  55 | //BALAS\n  56 | \n\nExpected one of the following: \n\n'@', 'class', 'const', 'describe', 'mixin', 'object', 'only', 'package', 'program', 'test', 'var', '{', EOF, comment, not \"}\n\", whitespace\n\n    at /home/objetos-1-noche/.vscode/extensions/uqbar.wollok-lsp-ide-0.3.6/out/server/src/server.js:2254:32415\n    at Array.map (<anonymous>)\n    at Jfn (/home/objetos-1-noche/.vscode/extensions/uqbar.wollok-lsp-ide-0.3.6/out/server/src/server.js:2254:32339)\n    at k2.buildEnvironmentFrom (/home/objetos-1-noche/.vscode/extensions/uqbar.wollok-lsp-ide-0.3.6/out/server/src/server.js:2285:6721)\n    at k2.updateEnvironmentWith (/home/objetos-1-noche/.vscode/extensions/uqbar.wollok-lsp-ide-0.3.6/out/server/src/server.js:2285:6456)\n    at jL (/home/objetos-1-noche/.vscode/extensions/uqbar.wollok-lsp-ide-0.3.6/out/server/src/server.js:2298:2292)\n    at v3.invoke (/home/objetos-1-noche/.vscode/extensions/uqbar.wollok-lsp-ide-0.3.6/out/server/src/server.js:3:157200)\n    at o.fire (/home/objetos-1-noche/.vscode/extensions/uqbar.wollok-lsp-ide-0.3.6/out/server/src/server.js:3:157970)\n    at /home/objetos-1-noche/.vscode/extensions/uqbar.wollok-lsp-ide-0.3.6/out/server/src/server.js:37:57871\n    at Vr (/home/objetos-1-noche/.vscode/extensions/uqbar.wollok-lsp-ide-0.3.6/out/server/src/server.js:8:1561)","timestamp":"2024-11-27T14:38:36.676Z"}
{"level":"error","message":"✘ Failed to rebuild document Failed to parse src/nivel2.wlk: \n-- PARSING FAILED --------------------------------------------------\n\n  52 |   }\n  53 |   method recibirDisparo(unaBala){}\n> 54 | }\n     | ^\n  55 | //BALAS\n  56 | \n\nExpected one of the following: \n\n'@', 'class', 'const', 'describe', 'mixin', 'object', 'only', 'package', 'program', 'test', 'var', '{', EOF, comment, not \"}\n\", whitespace\n","stack":"Error: Failed to parse src/nivel2.wlk: \n-- PARSING FAILED --------------------------------------------------\n\n  52 |   }\n  53 |   method recibirDisparo(unaBala){}\n> 54 | }\n     | ^\n  55 | //BALAS\n  56 | \n\nExpected one of the following: \n\n'@', 'class', 'const', 'describe', 'mixin', 'object', 'only', 'package', 'program', 'test', 'var', '{', EOF, comment, not \"}\n\", whitespace\n\n    at /home/objetos-1-noche/.vscode/extensions/uqbar.wollok-lsp-ide-0.3.6/out/server/src/server.js:2254:32415\n    at Array.map (<anonymous>)\n    at Jfn (/home/objetos-1-noche/.vscode/extensions/uqbar.wollok-lsp-ide-0.3.6/out/server/src/server.js:2254:32339)\n    at k2.buildEnvironmentFrom (/home/objetos-1-noche/.vscode/extensions/uqbar.wollok-lsp-ide-0.3.6/out/server/src/server.js:2285:6721)\n    at k2.updateEnvironmentWith (/home/objetos-1-noche/.vscode/extensions/uqbar.wollok-lsp-ide-0.3.6/out/server/src/server.js:2285:6456)\n    at jL (/home/objetos-1-noche/.vscode/extensions/uqbar.wollok-lsp-ide-0.3.6/out/server/src/server.js:2298:2292)\n    at v3.invoke (/home/objetos-1-noche/.vscode/extensions/uqbar.wollok-lsp-ide-0.3.6/out/server/src/server.js:3:157200)\n    at o.fire (/home/objetos-1-noche/.vscode/extensions/uqbar.wollok-lsp-ide-0.3.6/out/server/src/server.js:3:157970)\n    at /home/objetos-1-noche/.vscode/extensions/uqbar.wollok-lsp-ide-0.3.6/out/server/src/server.js:37:57871\n    at Vr (/home/objetos-1-noche/.vscode/extensions/uqbar.wollok-lsp-ide-0.3.6/out/server/src/server.js:8:1561)","timestamp":"2024-11-27T14:38:36.808Z"}
{"level":"info","message":"⌛ Building environment","timeElapsed":162,"timestamp":"2024-11-27T14:38:37.445Z"}
{"level":"info","message":"⌛ Validating src/nivel2.wlk","timeElapsed":169,"timestamp":"2024-11-27T14:38:37.615Z"}
{"level":"info","message":"⌛ Building environment","timeElapsed":155,"timestamp":"2024-11-27T14:38:43.583Z"}
{"level":"info","message":"⌛ Validating src/nivel2.wlk","timeElapsed":156,"timestamp":"2024-11-27T14:38:43.740Z"}
{"level":"info","message":"⌛ Building environment","timeElapsed":180,"timestamp":"2024-11-27T14:38:45.468Z"}
{"level":"info","message":"⌛ Validating src/nivel2.wlk","timeElapsed":164,"timestamp":"2024-11-27T14:38:45.637Z"}
{"level":"info","message":"⌛ Building environment","timeElapsed":146,"timestamp":"2024-11-27T14:38:45.807Z"}
{"level":"info","message":"⌛ Validating src/nivel2.wlk","timeElapsed":181,"timestamp":"2024-11-27T14:38:45.990Z"}
{"level":"info","message":"⌛ Building environment","timeElapsed":155,"timestamp":"2024-11-27T14:38:46.145Z"}
{"level":"info","message":"⌛ Building environment","timeElapsed":137,"timestamp":"2024-11-27T14:38:46.283Z"}
{"level":"info","message":"⌛ Validating src/nivel2.wlk","timeElapsed":155,"timestamp":"2024-11-27T14:38:46.440Z"}
{"level":"info","message":"⌛ Validating src/nivel2.wlk","timeElapsed":151,"timestamp":"2024-11-27T14:38:46.591Z"}
{"level":"info","message":"⌛ Building environment","timeElapsed":135,"timestamp":"2024-11-27T14:38:47.565Z"}
{"level":"info","message":"⌛ Validating src/nivel2.wlk","timeElapsed":168,"timestamp":"2024-11-27T14:38:47.738Z"}
{"level":"info","message":"⌛ Building environment","timeElapsed":197,"timestamp":"2024-11-27T14:38:50.430Z"}
{"level":"info","message":"⌛ Validating src/nivel2.wlk","timeElapsed":202,"timestamp":"2024-11-27T14:38:50.637Z"}
{"level":"info","message":"⌛ Building environment","timeElapsed":169,"timestamp":"2024-11-27T14:38:51.829Z"}
{"level":"info","message":"⌛ Building environment","timeElapsed":145,"timestamp":"2024-11-27T14:38:51.974Z"}
{"level":"error","message":"✘ Completions for node failed: Error: src.nivel2.bala5 [Variable]{f80971} at src/nivel2.wlk:39 exhausted all cases without a match src.nivel2.bala5 [Variable]{f80971} at src/nivel2.wlk:39 exhausted all cases without a match","stack":"Error: src.nivel2.bala5 [Variable]{f80971} at src/nivel2.wlk:39 exhausted all cases without a match\n    at /home/objetos-1-noche/.vscode/extensions/uqbar.wollok-lsp-ide-0.3.6/out/server/src/server.js:38:6067\n    at yh (/home/objetos-1-noche/.vscode/extensions/uqbar.wollok-lsp-ide-0.3.6/out/server/src/server.js:2291:42)\n    at /home/objetos-1-noche/.vscode/extensions/uqbar.wollok-lsp-ide-0.3.6/out/server/src/server.js:2291:2700\n    at /home/objetos-1-noche/.vscode/extensions/uqbar.wollok-lsp-ide-0.3.6/out/server/src/server.js:2298:3774\n    at /home/objetos-1-noche/.vscode/extensions/uqbar.wollok-lsp-ide-0.3.6/out/server/src/server.js:37:74872\n    at Fe (/home/objetos-1-noche/.vscode/extensions/uqbar.wollok-lsp-ide-0.3.6/out/server/src/server.js:7:8527)\n    at Pt (/home/objetos-1-noche/.vscode/extensions/uqbar.wollok-lsp-ide-0.3.6/out/server/src/server.js:7:6189)\n    at Gi (/home/objetos-1-noche/.vscode/extensions/uqbar.wollok-lsp-ide-0.3.6/out/server/src/server.js:7:6378)\n    at Immediate._onImmediate (/home/objetos-1-noche/.vscode/extensions/uqbar.wollok-lsp-ide-0.3.6/out/server/src/server.js:7:6142)\n    at process.processImmediate (node:internal/timers:478:21)","timestamp":"2024-11-27T14:38:52.028Z"}
{"level":"info","message":"⌛ Validating src/nivel2.wlk","timeElapsed":165,"timestamp":"2024-11-27T14:38:52.193Z"}
{"level":"info","message":"⌛ Validating src/nivel2.wlk","timeElapsed":167,"timestamp":"2024-11-27T14:38:52.360Z"}
{"level":"info","message":"⌛ Building environment","timeElapsed":177,"timestamp":"2024-11-27T14:38:54.118Z"}
{"level":"info","message":"⌛ Building environment","timeElapsed":136,"timestamp":"2024-11-27T14:38:54.255Z"}
{"level":"info","message":"⌛ Validating src/nivel2.wlk","timeElapsed":161,"timestamp":"2024-11-27T14:38:54.416Z"}
{"level":"info","message":"⌛ Validating src/nivel2.wlk","timeElapsed":152,"timestamp":"2024-11-27T14:38:54.568Z"}
{"level":"info","message":"⌛ Building environment","timeElapsed":454,"timestamp":"2024-11-27T14:38:58.770Z"}
{"level":"info","message":"⌛ Validating src/game.wpgm","timeElapsed":160,"timestamp":"2024-11-27T14:38:58.931Z"}
{"level":"info","message":"⌛ Validating src/niveles.wlk","timeElapsed":121,"timestamp":"2024-11-27T14:38:59.053Z"}
{"level":"info","message":"⌛ Validating src/personajes.wlk","timeElapsed":119,"timestamp":"2024-11-27T14:38:59.173Z"}
{"level":"info","message":"⌛ Validating src/nivel2.wlk","timeElapsed":136,"timestamp":"2024-11-27T14:38:59.309Z"}
{"level":"info","message":"⌛ Validating src/nivel1.wlk","timeElapsed":133,"timestamp":"2024-11-27T14:38:59.442Z"}
{"level":"info","message":"⌛ Building environment","timeElapsed":169,"timestamp":"2024-11-27T14:39:55.208Z"}
{"level":"info","message":"⌛ Validating src/nivel2.wlk","timeElapsed":161,"timestamp":"2024-11-27T14:39:55.370Z"}
{"level":"info","message":"⌛ Building environment","timeElapsed":127,"timestamp":"2024-11-27T14:39:55.701Z"}
{"level":"info","message":"⌛ Validating src/nivel2.wlk","timeElapsed":180,"timestamp":"2024-11-27T14:39:55.944Z"}
{"level":"info","message":"⌛ Building environment","timeElapsed":153,"timestamp":"2024-11-27T14:39:56.097Z"}
{"level":"info","message":"onRequest - completionItem/resolve","timestamp":"2024-11-27T14:39:56.098Z"}
{"level":"info","message":"⌛ Building environment","timeElapsed":145,"timestamp":"2024-11-27T14:39:56.243Z"}
{"level":"info","message":"onRequest - completionItem/resolve","timestamp":"2024-11-27T14:39:56.243Z"}
{"level":"info","message":"⌛ Building environment","timeElapsed":169,"timestamp":"2024-11-27T14:39:56.412Z"}
{"level":"info","message":"onRequest - completionItem/resolve","timestamp":"2024-11-27T14:39:56.412Z"}
{"level":"info","message":"⌛ Building environment","timeElapsed":147,"timestamp":"2024-11-27T14:39:56.559Z"}
{"level":"info","message":"onRequest - completionItem/resolve","timestamp":"2024-11-27T14:39:56.560Z"}
{"level":"info","message":"⌛ Validating src/nivel2.wlk","timeElapsed":161,"timestamp":"2024-11-27T14:39:56.721Z"}
{"level":"error","message":"✘ Failed to rebuild document Failed to parse src/nivel2.wlk: \n-- PARSING FAILED --------------------------------------------------\n\n  55 |   method recibirDisparo(unaBala){}\n  56 |   method\n> 57 | }\n     | ^\n  58 | //BALAS\n  59 | \n\nExpected one of the following: \n\n'!=', '!==', '%', '&&', '*', '**', '+', '-', '->', '..', '..<', '/', '<', '<<', '<<<', '<=', '<=>', '<>', '==', '===', '>', '>..', '>=', '>>', '>>>', '?:', 'and', 'invert', 'negate', 'or', 'plus', '||', identifier, whitespace\n","stack":"Error: Failed to parse src/nivel2.wlk: \n-- PARSING FAILED --------------------------------------------------\n\n  55 |   method recibirDisparo(unaBala){}\n  56 |   method\n> 57 | }\n     | ^\n  58 | //BALAS\n  59 | \n\nExpected one of the following: \n\n'!=', '!==', '%', '&&', '*', '**', '+', '-', '->', '..', '..<', '/', '<', '<<', '<<<', '<=', '<=>', '<>', '==', '===', '>', '>..', '>=', '>>', '>>>', '?:', 'and', 'invert', 'negate', 'or', 'plus', '||', identifier, whitespace\n\n    at /home/objetos-1-noche/.vscode/extensions/uqbar.wollok-lsp-ide-0.3.6/out/server/src/server.js:2254:32415\n    at Array.map (<anonymous>)\n    at Jfn (/home/objetos-1-noche/.vscode/extensions/uqbar.wollok-lsp-ide-0.3.6/out/server/src/server.js:2254:32339)\n    at k2.buildEnvironmentFrom (/home/objetos-1-noche/.vscode/extensions/uqbar.wollok-lsp-ide-0.3.6/out/server/src/server.js:2285:6721)\n    at k2.updateEnvironmentWith (/home/objetos-1-noche/.vscode/extensions/uqbar.wollok-lsp-ide-0.3.6/out/server/src/server.js:2285:6456)\n    at jL (/home/objetos-1-noche/.vscode/extensions/uqbar.wollok-lsp-ide-0.3.6/out/server/src/server.js:2298:2292)\n    at v3.invoke (/home/objetos-1-noche/.vscode/extensions/uqbar.wollok-lsp-ide-0.3.6/out/server/src/server.js:3:157200)\n    at o.fire (/home/objetos-1-noche/.vscode/extensions/uqbar.wollok-lsp-ide-0.3.6/out/server/src/server.js:3:157970)\n    at /home/objetos-1-noche/.vscode/extensions/uqbar.wollok-lsp-ide-0.3.6/out/server/src/server.js:37:57871\n    at Vr (/home/objetos-1-noche/.vscode/extensions/uqbar.wollok-lsp-ide-0.3.6/out/server/src/server.js:8:1561)","timestamp":"2024-11-27T14:39:56.761Z"}
{"level":"info","message":"onRequest - completionItem/resolve","timestamp":"2024-11-27T14:39:56.761Z"}
{"level":"info","message":"⌛ Validating src/nivel2.wlk","timeElapsed":168,"timestamp":"2024-11-27T14:39:56.930Z"}
{"level":"error","message":"✘ Failed to rebuild document Failed to parse src/nivel2.wlk: \n-- PARSING FAILED --------------------------------------------------\n\n  55 |   method recibirDisparo(unaBala){}\n  56 |   method \n> 57 | }\n     | ^\n  58 | //BALAS\n  59 | \n\nExpected one of the following: \n\n'!=', '!==', '%', '&&', '*', '**', '+', '-', '->', '..', '..<', '/', '<', '<<', '<<<', '<=', '<=>', '<>', '==', '===', '>', '>..', '>=', '>>', '>>>', '?:', 'and', 'invert', 'negate', 'or', 'plus', '||', identifier, whitespace\n","stack":"Error: Failed to parse src/nivel2.wlk: \n-- PARSING FAILED --------------------------------------------------\n\n  55 |   method recibirDisparo(unaBala){}\n  56 |   method \n> 57 | }\n     | ^\n  58 | //BALAS\n  59 | \n\nExpected one of the following: \n\n'!=', '!==', '%', '&&', '*', '**', '+', '-', '->', '..', '..<', '/', '<', '<<', '<<<', '<=', '<=>', '<>', '==', '===', '>', '>..', '>=', '>>', '>>>', '?:', 'and', 'invert', 'negate', 'or', 'plus', '||', identifier, whitespace\n\n    at /home/objetos-1-noche/.vscode/extensions/uqbar.wollok-lsp-ide-0.3.6/out/server/src/server.js:2254:32415\n    at Array.map (<anonymous>)\n    at Jfn (/home/objetos-1-noche/.vscode/extensions/uqbar.wollok-lsp-ide-0.3.6/out/server/src/server.js:2254:32339)\n    at k2.buildEnvironmentFrom (/home/objetos-1-noche/.vscode/extensions/uqbar.wollok-lsp-ide-0.3.6/out/server/src/server.js:2285:6721)\n    at k2.updateEnvironmentWith (/home/objetos-1-noche/.vscode/extensions/uqbar.wollok-lsp-ide-0.3.6/out/server/src/server.js:2285:6456)\n    at jL (/home/objetos-1-noche/.vscode/extensions/uqbar.wollok-lsp-ide-0.3.6/out/server/src/server.js:2298:2292)\n    at v3.invoke (/home/objetos-1-noche/.vscode/extensions/uqbar.wollok-lsp-ide-0.3.6/out/server/src/server.js:3:157200)\n    at o.fire (/home/objetos-1-noche/.vscode/extensions/uqbar.wollok-lsp-ide-0.3.6/out/server/src/server.js:3:157970)\n    at /home/objetos-1-noche/.vscode/extensions/uqbar.wollok-lsp-ide-0.3.6/out/server/src/server.js:37:57871\n    at Vr (/home/objetos-1-noche/.vscode/extensions/uqbar.wollok-lsp-ide-0.3.6/out/server/src/server.js:8:1561)","timestamp":"2024-11-27T14:39:56.950Z"}
{"level":"info","message":"onRequest - completionItem/resolve","timestamp":"2024-11-27T14:39:56.951Z"}
{"level":"info","message":"⌛ Validating src/nivel2.wlk","timeElapsed":166,"timestamp":"2024-11-27T14:39:57.117Z"}
{"level":"info","message":"⌛ Building environment","timeElapsed":132,"timestamp":"2024-11-27T14:39:57.250Z"}
{"level":"info","message":"⌛ Building environment","timeElapsed":129,"timestamp":"2024-11-27T14:39:57.381Z"}
{"level":"info","message":"⌛ Validating src/nivel2.wlk","timeElapsed":156,"timestamp":"2024-11-27T14:39:57.572Z"}
{"level":"info","message":"⌛ Building environment","timeElapsed":131,"timestamp":"2024-11-27T14:39:57.704Z"}
{"level":"info","message":"⌛ Building environment","timeElapsed":138,"timestamp":"2024-11-27T14:39:57.844Z"}
{"level":"info","message":"⌛ Building environment","timeElapsed":142,"timestamp":"2024-11-27T14:39:57.986Z"}
{"level":"info","message":"⌛ Building environment","timeElapsed":136,"timestamp":"2024-11-27T14:39:58.123Z"}
{"level":"info","message":"⌛ Validating src/nivel2.wlk","timeElapsed":161,"timestamp":"2024-11-27T14:39:58.286Z"}
{"level":"info","message":"⌛ Building environment","timeElapsed":202,"timestamp":"2024-11-27T14:39:58.496Z"}
{"level":"info","message":"⌛ Validating src/nivel2.wlk","timeElapsed":176,"timestamp":"2024-11-27T14:39:58.679Z"}
{"level":"info","message":"⌛ Building environment","timeElapsed":242,"timestamp":"2024-11-27T14:39:58.923Z"}
{"level":"info","message":"⌛ Validating src/nivel2.wlk","timeElapsed":168,"timestamp":"2024-11-27T14:39:59.132Z"}
{"level":"info","message":"⌛ Building environment","timeElapsed":138,"timestamp":"2024-11-27T14:39:59.272Z"}
{"level":"info","message":"⌛ Validating src/nivel2.wlk","timeElapsed":152,"timestamp":"2024-11-27T14:39:59.427Z"}
{"level":"info","message":"⌛ Building environment","timeElapsed":134,"timestamp":"2024-11-27T14:39:59.562Z"}
{"level":"info","message":"⌛ Validating src/nivel2.wlk","timeElapsed":159,"timestamp":"2024-11-27T14:39:59.721Z"}
{"level":"info","message":"⌛ Building environment","timeElapsed":133,"timestamp":"2024-11-27T14:39:59.856Z"}
{"level":"info","message":"⌛ Validating src/nivel2.wlk","timeElapsed":156,"timestamp":"2024-11-27T14:40:00.012Z"}
{"level":"info","message":"⌛ Building environment","timeElapsed":131,"timestamp":"2024-11-27T14:40:00.143Z"}
{"level":"info","message":"⌛ Building environment","timeElapsed":140,"timestamp":"2024-11-27T14:40:00.287Z"}
{"level":"info","message":"⌛ Building environment","timeElapsed":213,"timestamp":"2024-11-27T14:40:00.503Z"}
{"level":"info","message":"⌛ Validating src/nivel2.wlk","timeElapsed":153,"timestamp":"2024-11-27T14:40:00.660Z"}
{"level":"info","message":"⌛ Building environment","timeElapsed":137,"timestamp":"2024-11-27T14:40:00.797Z"}
{"level":"info","message":"⌛ Building environment","timeElapsed":137,"timestamp":"2024-11-27T14:40:00.934Z"}
{"level":"info","message":"⌛ Building environment","timeElapsed":130,"timestamp":"2024-11-27T14:40:01.072Z"}
{"level":"info","message":"⌛ Validating src/nivel2.wlk","timeElapsed":159,"timestamp":"2024-11-27T14:40:01.232Z"}
{"level":"info","message":"⌛ Validating src/nivel2.wlk","timeElapsed":145,"timestamp":"2024-11-27T14:40:01.386Z"}
{"level":"info","message":"⌛ Validating src/nivel2.wlk","timeElapsed":164,"timestamp":"2024-11-27T14:40:01.551Z"}
{"level":"info","message":"⌛ Validating src/nivel2.wlk","timeElapsed":155,"timestamp":"2024-11-27T14:40:01.708Z"}
{"level":"info","message":"⌛ Validating src/nivel2.wlk","timeElapsed":155,"timestamp":"2024-11-27T14:40:01.864Z"}
{"level":"info","message":"⌛ Building environment","timeElapsed":147,"timestamp":"2024-11-27T14:40:02.011Z"}
{"level":"info","message":"⌛ Validating src/nivel2.wlk","timeElapsed":203,"timestamp":"2024-11-27T14:40:02.214Z"}
{"level":"info","message":"⌛ Validating src/nivel2.wlk","timeElapsed":154,"timestamp":"2024-11-27T14:40:02.376Z"}
{"level":"info","message":"⌛ Validating src/nivel2.wlk","timeElapsed":144,"timestamp":"2024-11-27T14:40:02.522Z"}
{"level":"info","message":"⌛ Validating src/nivel2.wlk","timeElapsed":142,"timestamp":"2024-11-27T14:40:02.665Z"}
{"level":"info","message":"⌛ Validating src/nivel2.wlk","timeElapsed":142,"timestamp":"2024-11-27T14:40:02.807Z"}
{"level":"info","message":"⌛ Building environment","timeElapsed":134,"timestamp":"2024-11-27T14:40:02.942Z"}
{"level":"info","message":"⌛ Building environment","timeElapsed":139,"timestamp":"2024-11-27T14:40:03.090Z"}
{"level":"info","message":"⌛ Building environment","timeElapsed":150,"timestamp":"2024-11-27T14:40:03.276Z"}
{"level":"info","message":"⌛ Building environment","timeElapsed":153,"timestamp":"2024-11-27T14:40:03.430Z"}
{"level":"info","message":"⌛ Validating src/nivel2.wlk","timeElapsed":156,"timestamp":"2024-11-27T14:40:03.587Z"}
{"level":"info","message":"⌛ Building environment","timeElapsed":154,"timestamp":"2024-11-27T14:40:03.741Z"}
{"level":"info","message":"⌛ Building environment","timeElapsed":140,"timestamp":"2024-11-27T14:40:03.882Z"}
{"level":"info","message":"⌛ Validating src/nivel2.wlk","timeElapsed":167,"timestamp":"2024-11-27T14:40:04.082Z"}
{"level":"info","message":"⌛ Validating src/nivel2.wlk","timeElapsed":206,"timestamp":"2024-11-27T14:40:04.290Z"}
{"level":"info","message":"⌛ Building environment","timeElapsed":186,"timestamp":"2024-11-27T14:40:04.476Z"}
{"level":"info","message":"⌛ Building environment","timeElapsed":142,"timestamp":"2024-11-27T14:40:04.618Z"}
{"level":"info","message":"⌛ Validating src/nivel2.wlk","timeElapsed":169,"timestamp":"2024-11-27T14:40:04.788Z"}
{"level":"info","message":"⌛ Validating src/nivel2.wlk","timeElapsed":161,"timestamp":"2024-11-27T14:40:04.950Z"}
{"level":"info","message":"⌛ Building environment","timeElapsed":125,"timestamp":"2024-11-27T14:40:05.084Z"}
{"level":"info","message":"⌛ Building environment","timeElapsed":128,"timestamp":"2024-11-27T14:40:05.213Z"}
{"level":"info","message":"⌛ Validating src/nivel2.wlk","timeElapsed":142,"timestamp":"2024-11-27T14:40:05.356Z"}
{"level":"info","message":"⌛ Validating src/nivel2.wlk","timeElapsed":151,"timestamp":"2024-11-27T14:40:05.508Z"}
{"level":"info","message":"onRequest - completionItem/resolve","timestamp":"2024-11-27T14:40:05.508Z"}
{"level":"info","message":"⌛ Building environment","timeElapsed":145,"timestamp":"2024-11-27T14:40:05.658Z"}
{"level":"info","message":"onRequest - completionItem/resolve","timestamp":"2024-11-27T14:40:05.659Z"}
{"level":"info","message":"⌛ Validating src/nivel2.wlk","timeElapsed":145,"timestamp":"2024-11-27T14:40:05.804Z"}
{"level":"info","message":"⌛ Validating src/nivel2.wlk","timeElapsed":161,"timestamp":"2024-11-27T14:40:05.972Z"}
{"level":"info","message":"⌛ Building environment","timeElapsed":196,"timestamp":"2024-11-27T14:40:06.168Z"}
{"level":"info","message":"onRequest - completionItem/resolve","timestamp":"2024-11-27T14:40:06.173Z"}
{"level":"info","message":"⌛ Validating src/nivel2.wlk","timeElapsed":139,"timestamp":"2024-11-27T14:40:06.317Z"}
{"level":"info","message":"⌛ Validating src/nivel2.wlk","timeElapsed":157,"timestamp":"2024-11-27T14:40:06.475Z"}
{"level":"info","message":"onRequest - completionItem/resolve","timestamp":"2024-11-27T14:40:06.476Z"}
{"level":"info","message":"⌛ Building environment","timeElapsed":147,"timestamp":"2024-11-27T14:40:06.623Z"}
{"level":"info","message":"⌛ Validating src/nivel2.wlk","timeElapsed":146,"timestamp":"2024-11-27T14:40:06.769Z"}
{"level":"info","message":"⌛ Validating src/nivel2.wlk","timeElapsed":182,"timestamp":"2024-11-27T14:40:06.959Z"}
{"level":"info","message":"⌛ Validating src/nivel2.wlk","timeElapsed":160,"timestamp":"2024-11-27T14:40:07.120Z"}
{"level":"info","message":"⌛ Building environment","timeElapsed":166,"timestamp":"2024-11-27T14:40:12.289Z"}
{"level":"error","message":"✘ Completions for node failed: Error: [Send]{a167da} at src/nivel2.wlk:57 exhausted all cases without a match [Send]{a167da} at src/nivel2.wlk:57 exhausted all cases without a match","stack":"Error: [Send]{a167da} at src/nivel2.wlk:57 exhausted all cases without a match\n    at /home/objetos-1-noche/.vscode/extensions/uqbar.wollok-lsp-ide-0.3.6/out/server/src/server.js:38:6067\n    at yh (/home/objetos-1-noche/.vscode/extensions/uqbar.wollok-lsp-ide-0.3.6/out/server/src/server.js:2291:42)\n    at kh (/home/objetos-1-noche/.vscode/extensions/uqbar.wollok-lsp-ide-0.3.6/out/server/src/server.js:2291:1004)\n    at Y5n (/home/objetos-1-noche/.vscode/extensions/uqbar.wollok-lsp-ide-0.3.6/out/server/src/server.js:2291:1160)\n    at /home/objetos-1-noche/.vscode/extensions/uqbar.wollok-lsp-ide-0.3.6/out/server/src/server.js:38:6056\n    at yh (/home/objetos-1-noche/.vscode/extensions/uqbar.wollok-lsp-ide-0.3.6/out/server/src/server.js:2291:42)\n    at /home/objetos-1-noche/.vscode/extensions/uqbar.wollok-lsp-ide-0.3.6/out/server/src/server.js:2291:2700\n    at /home/objetos-1-noche/.vscode/extensions/uqbar.wollok-lsp-ide-0.3.6/out/server/src/server.js:2298:3774\n    at /home/objetos-1-noche/.vscode/extensions/uqbar.wollok-lsp-ide-0.3.6/out/server/src/server.js:37:74872\n    at Fe (/home/objetos-1-noche/.vscode/extensions/uqbar.wollok-lsp-ide-0.3.6/out/server/src/server.js:7:8527)","timestamp":"2024-11-27T14:40:12.326Z"}
{"level":"info","message":"⌛ Building environment","timeElapsed":148,"timestamp":"2024-11-27T14:40:12.480Z"}
{"level":"info","message":"⌛ Validating src/nivel2.wlk","timeElapsed":166,"timestamp":"2024-11-27T14:40:12.646Z"}
{"level":"info","message":"⌛ Building environment","timeElapsed":147,"timestamp":"2024-11-27T14:40:12.793Z"}
{"level":"info","message":"onRequest - completionItem/resolve","timestamp":"2024-11-27T14:40:12.793Z"}
{"level":"info","message":"⌛ Building environment","timeElapsed":138,"timestamp":"2024-11-27T14:40:12.932Z"}
{"level":"info","message":"onRequest - completionItem/resolve","timestamp":"2024-11-27T14:40:12.932Z"}
{"level":"info","message":"⌛ Validating src/nivel2.wlk","timeElapsed":150,"timestamp":"2024-11-27T14:40:13.082Z"}
{"level":"info","message":"⌛ Building environment","timeElapsed":134,"timestamp":"2024-11-27T14:40:13.219Z"}
{"level":"info","message":"onRequest - completionItem/resolve","timestamp":"2024-11-27T14:40:13.220Z"}
{"level":"info","message":"⌛ Building environment","timeElapsed":134,"timestamp":"2024-11-27T14:40:13.355Z"}
{"level":"info","message":"onRequest - completionItem/resolve","timestamp":"2024-11-27T14:40:13.355Z"}
{"level":"info","message":"⌛ Validating src/nivel2.wlk","timeElapsed":155,"timestamp":"2024-11-27T14:40:13.511Z"}
{"level":"info","message":"⌛ Validating src/nivel2.wlk","timeElapsed":147,"timestamp":"2024-11-27T14:40:13.659Z"}
{"level":"info","message":"onRequest - completionItem/resolve","timestamp":"2024-11-27T14:40:13.664Z"}
{"level":"info","message":"⌛ Building environment","timeElapsed":142,"timestamp":"2024-11-27T14:40:13.807Z"}
{"level":"info","message":"⌛ Validating src/nivel2.wlk","timeElapsed":150,"timestamp":"2024-11-27T14:40:13.957Z"}
{"level":"info","message":"⌛ Validating src/nivel2.wlk","timeElapsed":156,"timestamp":"2024-11-27T14:40:14.113Z"}
{"level":"info","message":"⌛ Validating src/nivel2.wlk","timeElapsed":148,"timestamp":"2024-11-27T14:40:14.272Z"}
{"level":"info","message":"⌛ Building environment","timeElapsed":217,"timestamp":"2024-11-27T14:40:43.046Z"}
{"level":"info","message":"⌛ Building environment","timeElapsed":201,"timestamp":"2024-11-27T14:40:43.248Z"}
{"level":"info","message":"⌛ Building environment","timeElapsed":134,"timestamp":"2024-11-27T14:40:43.420Z"}
{"level":"info","message":"⌛ Validating src/nivel2.wlk","timeElapsed":200,"timestamp":"2024-11-27T14:40:43.621Z"}
{"level":"info","message":"⌛ Validating src/nivel2.wlk","timeElapsed":155,"timestamp":"2024-11-27T14:40:43.778Z"}
{"level":"info","message":"onRequest - completionItem/resolve","timestamp":"2024-11-27T14:40:43.779Z"}
{"level":"info","message":"⌛ Validating src/nivel2.wlk","timeElapsed":144,"timestamp":"2024-11-27T14:40:43.933Z"}
{"level":"info","message":"⌛ Building environment","timeElapsed":152,"timestamp":"2024-11-27T14:40:44.162Z"}
{"level":"info","message":"⌛ Validating src/nivel2.wlk","timeElapsed":172,"timestamp":"2024-11-27T14:40:44.410Z"}
{"level":"info","message":"onRequest - completionItem/resolve","timestamp":"2024-11-27T14:40:44.410Z"}
{"level":"info","message":"⌛ Building environment","timeElapsed":180,"timestamp":"2024-11-27T14:40:46.009Z"}
{"level":"info","message":"onRequest - completionItem/resolve","timestamp":"2024-11-27T14:40:46.010Z"}
{"level":"info","message":"⌛ Building environment","timeElapsed":164,"timestamp":"2024-11-27T14:40:46.174Z"}
{"level":"info","message":"⌛ Validating src/nivel2.wlk","timeElapsed":183,"timestamp":"2024-11-27T14:40:46.357Z"}
{"level":"info","message":"onRequest - completionItem/resolve","timestamp":"2024-11-27T14:40:46.357Z"}
{"level":"info","message":"⌛ Validating src/nivel2.wlk","timeElapsed":151,"timestamp":"2024-11-27T14:40:46.508Z"}
{"level":"info","message":"⌛ Building environment","timeElapsed":148,"timestamp":"2024-11-27T14:40:46.810Z"}
{"level":"info","message":"⌛ Validating src/nivel2.wlk","timeElapsed":165,"timestamp":"2024-11-27T14:40:46.976Z"}
{"level":"info","message":"⌛ Building environment","timeElapsed":252,"timestamp":"2024-11-27T14:41:16.347Z"}
{"level":"info","message":"⌛ Validating src/personajes.wlk","timeElapsed":193,"timestamp":"2024-11-27T14:41:16.547Z"}
{"level":"info","message":"⌛ Building environment","timeElapsed":218,"timestamp":"2024-11-27T14:41:17.679Z"}
{"level":"info","message":"⌛ Building environment","timeElapsed":256,"timestamp":"2024-11-27T14:41:17.977Z"}
{"level":"info","message":"⌛ Validating src/personajes.wlk","timeElapsed":169,"timestamp":"2024-11-27T14:41:18.147Z"}
{"level":"info","message":"⌛ Building environment","timeElapsed":213,"timestamp":"2024-11-27T14:41:18.363Z"}
{"level":"info","message":"onRequest - completionItem/resolve","timestamp":"2024-11-27T14:41:18.369Z"}
{"level":"info","message":"⌛ Validating src/personajes.wlk","timeElapsed":182,"timestamp":"2024-11-27T14:41:18.562Z"}
{"level":"info","message":"⌛ Validating src/personajes.wlk","timeElapsed":178,"timestamp":"2024-11-27T14:41:18.772Z"}
{"level":"info","message":"⌛ Building environment","timeElapsed":203,"timestamp":"2024-11-27T14:41:18.975Z"}
{"level":"info","message":"⌛ Validating src/personajes.wlk","timeElapsed":194,"timestamp":"2024-11-27T14:41:19.242Z"}
{"level":"info","message":"onRequest - completionItem/resolve","timestamp":"2024-11-27T14:41:19.242Z"}
{"level":"info","message":"⌛ Building environment","timeElapsed":197,"timestamp":"2024-11-27T14:41:20.289Z"}
{"level":"info","message":"onRequest - completionItem/resolve","timestamp":"2024-11-27T14:41:20.290Z"}
{"level":"info","message":"⌛ Validating src/personajes.wlk","timeElapsed":209,"timestamp":"2024-11-27T14:41:20.499Z"}
{"level":"info","message":"⌛ Building environment","timeElapsed":261,"timestamp":"2024-11-27T14:41:20.763Z"}
{"level":"info","message":"onRequest - completionItem/resolve","timestamp":"2024-11-27T14:41:20.763Z"}
{"level":"info","message":"⌛ Validating src/personajes.wlk","timeElapsed":173,"timestamp":"2024-11-27T14:41:20.950Z"}
{"level":"info","message":"onRequest - completionItem/resolve","timestamp":"2024-11-27T14:41:20.979Z"}
{"level":"info","message":"onRequest - completionItem/resolve","timestamp":"2024-11-27T14:41:21.114Z"}
{"level":"info","message":"⌛ Building environment","timeElapsed":233,"timestamp":"2024-11-27T14:41:21.690Z"}
{"level":"info","message":"⌛ Validating src/personajes.wlk","timeElapsed":168,"timestamp":"2024-11-27T14:41:21.859Z"}
{"level":"info","message":"⌛ Building environment","timeElapsed":299,"timestamp":"2024-11-27T14:41:40.497Z"}
{"level":"info","message":"⌛ Validating src/niveles.wlk","timeElapsed":169,"timestamp":"2024-11-27T14:41:40.710Z"}
{"level":"info","message":"⌛ Building environment","timeElapsed":263,"timestamp":"2024-11-27T14:41:41.188Z"}
{"level":"info","message":"⌛ Validating src/niveles.wlk","timeElapsed":177,"timestamp":"2024-11-27T14:41:41.407Z"}
{"level":"info","message":"onRequest - completionItem/resolve","timestamp":"2024-11-27T14:41:41.407Z"}
{"level":"info","message":"⌛ Building environment","timeElapsed":270,"timestamp":"2024-11-27T14:41:41.679Z"}
{"level":"info","message":"onRequest - completionItem/resolve","timestamp":"2024-11-27T14:41:41.685Z"}
{"level":"info","message":"⌛ Building environment","timeElapsed":226,"timestamp":"2024-11-27T14:41:41.912Z"}
{"level":"info","message":"onRequest - completionItem/resolve","timestamp":"2024-11-27T14:41:41.912Z"}
{"level":"info","message":"⌛ Building environment","timeElapsed":234,"timestamp":"2024-11-27T14:41:42.147Z"}
{"level":"info","message":"⌛ Validating src/niveles.wlk","timeElapsed":178,"timestamp":"2024-11-27T14:41:42.368Z"}
{"level":"info","message":"⌛ Validating src/niveles.wlk","timeElapsed":162,"timestamp":"2024-11-27T14:41:42.531Z"}
{"level":"info","message":"⌛ Validating src/niveles.wlk","timeElapsed":167,"timestamp":"2024-11-27T14:41:42.700Z"}
{"level":"info","message":"⌛ Building environment","timeElapsed":255,"timestamp":"2024-11-27T14:41:42.955Z"}
{"level":"info","message":"onRequest - completionItem/resolve","timestamp":"2024-11-27T14:41:42.955Z"}
{"level":"info","message":"⌛ Building environment","timeElapsed":247,"timestamp":"2024-11-27T14:41:43.208Z"}
{"level":"info","message":"onRequest - completionItem/resolve","timestamp":"2024-11-27T14:41:43.211Z"}
{"level":"info","message":"⌛ Validating src/niveles.wlk","timeElapsed":145,"timestamp":"2024-11-27T14:41:43.362Z"}
{"level":"info","message":"⌛ Validating src/niveles.wlk","timeElapsed":165,"timestamp":"2024-11-27T14:41:43.530Z"}
{"level":"info","message":"onRequest - completionItem/resolve","timestamp":"2024-11-27T14:41:43.530Z"}
{"level":"info","message":"onRequest - completionItem/resolve","timestamp":"2024-11-27T14:41:43.587Z"}
{"level":"info","message":"⌛ Building environment","timeElapsed":275,"timestamp":"2024-11-27T14:41:44.210Z"}
{"level":"info","message":"⌛ Validating src/niveles.wlk","timeElapsed":169,"timestamp":"2024-11-27T14:41:44.395Z"}
